[2011-02-22 11:25:14]  ./configure --prefix="/home/billones1977/.rvm/usr"  
Checking for gcc...
Checking for shared library support...
Building shared library libz.so.1.2.5 with gcc.
Checking for off64_t... Yes.
Checking for fseeko... Yes.
Checking for unistd.h... Yes.
Checking whether to use vs[n]printf() or s[n]printf()... using vs[n]printf().
Checking for vsnprintf() in stdio.h... Yes.
Checking for return value of vsnprintf()... Yes.
Checking for attribute(visibility) support... Yes.
[2011-02-22 13:14:16]  ./configure --prefix="/home/billones1977/.rvm/usr"  
Checking for gcc...
Checking for shared library support...
Building shared library libz.so.1.2.5 with gcc.
Checking for off64_t... Yes.
Checking for fseeko... Yes.
Checking for unistd.h... Yes.
Checking whether to use vs[n]printf() or s[n]printf()... using vs[n]printf().
Checking for vsnprintf() in stdio.h... Yes.
Checking for return value of vsnprintf()... Yes.
Checking for attribute(visibility) support... Yes.
