[2011-02-22 11:25:16] /usr/bin/make 
gcc -O3 -D_LARGEFILE64_SOURCE=1   -c -o example.o example.c
gcc -O3 -D_LARGEFILE64_SOURCE=1   -c -o adler32.o adler32.c
gcc -O3 -D_LARGEFILE64_SOURCE=1   -c -o compress.o compress.c
gcc -O3 -D_LARGEFILE64_SOURCE=1   -c -o crc32.o crc32.c
gcc -O3 -D_LARGEFILE64_SOURCE=1   -c -o deflate.o deflate.c
gcc -O3 -D_LARGEFILE64_SOURCE=1   -c -o gzclose.o gzclose.c
gcc -O3 -D_LARGEFILE64_SOURCE=1   -c -o gzlib.o gzlib.c
gcc -O3 -D_LARGEFILE64_SOURCE=1   -c -o gzread.o gzread.c
gcc -O3 -D_LARGEFILE64_SOURCE=1   -c -o gzwrite.o gzwrite.c
gcc -O3 -D_LARGEFILE64_SOURCE=1   -c -o infback.o infback.c
gcc -O3 -D_LARGEFILE64_SOURCE=1   -c -o inffast.o inffast.c
gcc -O3 -D_LARGEFILE64_SOURCE=1   -c -o inflate.o inflate.c
gcc -O3 -D_LARGEFILE64_SOURCE=1   -c -o inftrees.o inftrees.c
gcc -O3 -D_LARGEFILE64_SOURCE=1   -c -o trees.o trees.c
gcc -O3 -D_LARGEFILE64_SOURCE=1   -c -o uncompr.o uncompr.c
gcc -O3 -D_LARGEFILE64_SOURCE=1   -c -o zutil.o zutil.c
ar rc libz.a adler32.o compress.o crc32.o deflate.o gzclose.o gzlib.o gzread.o gzwrite.o infback.o inffast.o inflate.o inftrees.o trees.o uncompr.o zutil.o 
gcc -O3 -D_LARGEFILE64_SOURCE=1 -o example example.o -L. libz.a
gcc -O3 -D_LARGEFILE64_SOURCE=1   -c -o minigzip.o minigzip.c
gcc -O3 -D_LARGEFILE64_SOURCE=1 -o minigzip minigzip.o -L. libz.a
gcc -O3 -fPIC -D_LARGEFILE64_SOURCE=1 -DPIC -c -o objs/adler32.o adler32.c
gcc -O3 -fPIC -D_LARGEFILE64_SOURCE=1 -DPIC -c -o objs/compress.o compress.c
gcc -O3 -fPIC -D_LARGEFILE64_SOURCE=1 -DPIC -c -o objs/crc32.o crc32.c
gcc -O3 -fPIC -D_LARGEFILE64_SOURCE=1 -DPIC -c -o objs/deflate.o deflate.c
gcc -O3 -fPIC -D_LARGEFILE64_SOURCE=1 -DPIC -c -o objs/gzclose.o gzclose.c
gcc -O3 -fPIC -D_LARGEFILE64_SOURCE=1 -DPIC -c -o objs/gzlib.o gzlib.c
gcc -O3 -fPIC -D_LARGEFILE64_SOURCE=1 -DPIC -c -o objs/gzread.o gzread.c
gcc -O3 -fPIC -D_LARGEFILE64_SOURCE=1 -DPIC -c -o objs/gzwrite.o gzwrite.c
gcc -O3 -fPIC -D_LARGEFILE64_SOURCE=1 -DPIC -c -o objs/infback.o infback.c
gcc -O3 -fPIC -D_LARGEFILE64_SOURCE=1 -DPIC -c -o objs/inffast.o inffast.c
gcc -O3 -fPIC -D_LARGEFILE64_SOURCE=1 -DPIC -c -o objs/inflate.o inflate.c
gcc -O3 -fPIC -D_LARGEFILE64_SOURCE=1 -DPIC -c -o objs/inftrees.o inftrees.c
gcc -O3 -fPIC -D_LARGEFILE64_SOURCE=1 -DPIC -c -o objs/trees.o trees.c
gcc -O3 -fPIC -D_LARGEFILE64_SOURCE=1 -DPIC -c -o objs/uncompr.o uncompr.c
gcc -O3 -fPIC -D_LARGEFILE64_SOURCE=1 -DPIC -c -o objs/zutil.o zutil.c
gcc -shared -Wl,-soname,libz.so.1,--version-script,zlib.map -O3 -fPIC -D_LARGEFILE64_SOURCE=1 -o libz.so.1.2.5 adler32.lo compress.lo crc32.lo deflate.lo gzclose.lo gzlib.lo gzread.lo gzwrite.lo infback.lo inffast.lo inflate.lo inftrees.lo trees.lo uncompr.lo zutil.lo  -lc -L. libz.a
rm -f libz.so libz.so.1
ln -s libz.so.1.2.5 libz.so
ln -s libz.so.1.2.5 libz.so.1
gcc -O3 -D_LARGEFILE64_SOURCE=1 -o examplesh example.o -L. libz.so.1.2.5
gcc -O3 -D_LARGEFILE64_SOURCE=1 -o minigzipsh minigzip.o -L. libz.so.1.2.5
gcc -O3 -D_LARGEFILE64_SOURCE=1 -D_FILE_OFFSET_BITS=64 -c -o example64.o example.c
gcc -O3 -D_LARGEFILE64_SOURCE=1 -o example64 example64.o -L. libz.a
gcc -O3 -D_LARGEFILE64_SOURCE=1 -D_FILE_OFFSET_BITS=64 -c -o minigzip64.o minigzip.c
gcc -O3 -D_LARGEFILE64_SOURCE=1 -o minigzip64 minigzip64.o -L. libz.a
[2011-02-22 13:14:18] /usr/bin/make 
gcc -O3 -D_LARGEFILE64_SOURCE=1   -c -o example.o example.c
gcc -O3 -D_LARGEFILE64_SOURCE=1   -c -o adler32.o adler32.c
gcc -O3 -D_LARGEFILE64_SOURCE=1   -c -o compress.o compress.c
gcc -O3 -D_LARGEFILE64_SOURCE=1   -c -o crc32.o crc32.c
gcc -O3 -D_LARGEFILE64_SOURCE=1   -c -o deflate.o deflate.c
gcc -O3 -D_LARGEFILE64_SOURCE=1   -c -o gzclose.o gzclose.c
gcc -O3 -D_LARGEFILE64_SOURCE=1   -c -o gzlib.o gzlib.c
gcc -O3 -D_LARGEFILE64_SOURCE=1   -c -o gzread.o gzread.c
gcc -O3 -D_LARGEFILE64_SOURCE=1   -c -o gzwrite.o gzwrite.c
gcc -O3 -D_LARGEFILE64_SOURCE=1   -c -o infback.o infback.c
gcc -O3 -D_LARGEFILE64_SOURCE=1   -c -o inffast.o inffast.c
gcc -O3 -D_LARGEFILE64_SOURCE=1   -c -o inflate.o inflate.c
gcc -O3 -D_LARGEFILE64_SOURCE=1   -c -o inftrees.o inftrees.c
gcc -O3 -D_LARGEFILE64_SOURCE=1   -c -o trees.o trees.c
gcc -O3 -D_LARGEFILE64_SOURCE=1   -c -o uncompr.o uncompr.c
gcc -O3 -D_LARGEFILE64_SOURCE=1   -c -o zutil.o zutil.c
ar rc libz.a adler32.o compress.o crc32.o deflate.o gzclose.o gzlib.o gzread.o gzwrite.o infback.o inffast.o inflate.o inftrees.o trees.o uncompr.o zutil.o 
gcc -O3 -D_LARGEFILE64_SOURCE=1 -o example example.o -L. libz.a
gcc -O3 -D_LARGEFILE64_SOURCE=1   -c -o minigzip.o minigzip.c
gcc -O3 -D_LARGEFILE64_SOURCE=1 -o minigzip minigzip.o -L. libz.a
gcc -O3 -fPIC -D_LARGEFILE64_SOURCE=1 -DPIC -c -o objs/adler32.o adler32.c
gcc -O3 -fPIC -D_LARGEFILE64_SOURCE=1 -DPIC -c -o objs/compress.o compress.c
gcc -O3 -fPIC -D_LARGEFILE64_SOURCE=1 -DPIC -c -o objs/crc32.o crc32.c
gcc -O3 -fPIC -D_LARGEFILE64_SOURCE=1 -DPIC -c -o objs/deflate.o deflate.c
gcc -O3 -fPIC -D_LARGEFILE64_SOURCE=1 -DPIC -c -o objs/gzclose.o gzclose.c
gcc -O3 -fPIC -D_LARGEFILE64_SOURCE=1 -DPIC -c -o objs/gzlib.o gzlib.c
gcc -O3 -fPIC -D_LARGEFILE64_SOURCE=1 -DPIC -c -o objs/gzread.o gzread.c
gcc -O3 -fPIC -D_LARGEFILE64_SOURCE=1 -DPIC -c -o objs/gzwrite.o gzwrite.c
gcc -O3 -fPIC -D_LARGEFILE64_SOURCE=1 -DPIC -c -o objs/infback.o infback.c
gcc -O3 -fPIC -D_LARGEFILE64_SOURCE=1 -DPIC -c -o objs/inffast.o inffast.c
gcc -O3 -fPIC -D_LARGEFILE64_SOURCE=1 -DPIC -c -o objs/inflate.o inflate.c
gcc -O3 -fPIC -D_LARGEFILE64_SOURCE=1 -DPIC -c -o objs/inftrees.o inftrees.c
gcc -O3 -fPIC -D_LARGEFILE64_SOURCE=1 -DPIC -c -o objs/trees.o trees.c
gcc -O3 -fPIC -D_LARGEFILE64_SOURCE=1 -DPIC -c -o objs/uncompr.o uncompr.c
gcc -O3 -fPIC -D_LARGEFILE64_SOURCE=1 -DPIC -c -o objs/zutil.o zutil.c
gcc -shared -Wl,-soname,libz.so.1,--version-script,zlib.map -O3 -fPIC -D_LARGEFILE64_SOURCE=1 -o libz.so.1.2.5 adler32.lo compress.lo crc32.lo deflate.lo gzclose.lo gzlib.lo gzread.lo gzwrite.lo infback.lo inffast.lo inflate.lo inftrees.lo trees.lo uncompr.lo zutil.lo  -lc -L. libz.a
rm -f libz.so libz.so.1
ln -s libz.so.1.2.5 libz.so
ln -s libz.so.1.2.5 libz.so.1
gcc -O3 -D_LARGEFILE64_SOURCE=1 -o examplesh example.o -L. libz.so.1.2.5
gcc -O3 -D_LARGEFILE64_SOURCE=1 -o minigzipsh minigzip.o -L. libz.so.1.2.5
gcc -O3 -D_LARGEFILE64_SOURCE=1 -D_FILE_OFFSET_BITS=64 -c -o example64.o example.c
gcc -O3 -D_LARGEFILE64_SOURCE=1 -o example64 example64.o -L. libz.a
gcc -O3 -D_LARGEFILE64_SOURCE=1 -D_FILE_OFFSET_BITS=64 -c -o minigzip64.o minigzip.c
gcc -O3 -D_LARGEFILE64_SOURCE=1 -o minigzip64 minigzip64.o -L. libz.a
