[2011-02-22 13:17:13] ./config  -I/home/billones1977/.rvm/usr/include -L/home/billones1977/.rvm/usr/lib --prefix=/home/billones1977/.rvm/usr zlib no-asm no-krb5 shared  
Operating system: i686-whatever-linux2
Configuring for linux-elf
Configuring for linux-elf
    no-asm          [option]   OPENSSL_NO_ASM
    no-camellia     [default]  OPENSSL_NO_CAMELLIA (skip dir)
    no-capieng      [default]  OPENSSL_NO_CAPIENG (skip dir)
    no-cms          [default]  OPENSSL_NO_CMS (skip dir)
    no-gmp          [default]  OPENSSL_NO_GMP (skip dir)
    no-jpake        [experimental] OPENSSL_NO_JPAKE (skip dir)
    no-krb5         [krb5-flavor not specified] OPENSSL_NO_KRB5
    no-mdc2         [default]  OPENSSL_NO_MDC2 (skip dir)
    no-montasm      [default] 
    no-rc5          [default]  OPENSSL_NO_RC5 (skip dir)
    no-rfc3779      [default]  OPENSSL_NO_RFC3779 (skip dir)
    no-seed         [default]  OPENSSL_NO_SEED (skip dir)
    no-zlib-dynamic [default] 
IsMK1MF=0
CC            =gcc
CFLAG         =-fPIC -DOPENSSL_PIC -DZLIB -DOPENSSL_THREADS -D_REENTRANT -DDSO_DLFCN -DHAVE_DLFCN_H -I/home/billones1977/.rvm/usr/include -DL_ENDIAN -DTERMIO -O3 -fomit-frame-pointer -Wall
EX_LIBS       =-L/home/billones1977/.rvm/usr/lib -ldl -lz
CPUID_OBJ     =
BN_ASM        =bn_asm.o
DES_ENC       =des_enc.o fcrypt_b.o
AES_ASM_OBJ   =aes_core.o aes_cbc.o
BF_ENC        =bf_enc.o
CAST_ENC      =c_enc.o
RC4_ENC       =rc4_enc.o rc4_skey.o
RC5_ENC       =rc5_enc.o
MD5_OBJ_ASM   =
SHA1_OBJ_ASM  =
RMD160_OBJ_ASM=
PROCESSOR     =
RANLIB        =/usr/bin/ranlib
ARFLAGS       =
PERL          =/usr/bin/perl
THIRTY_TWO_BIT mode
DES_PTR used
DES_RISC1 used
DES_UNROLL used
BN_LLONG mode
RC4_INDEX mode
RC4_CHUNK is undefined
e_os2.h => include/openssl/e_os2.h
making links in crypto...
make[1]: Entering directory `/home/billones1977/.rvm/src/openssl-0.9.8n/crypto'
crypto.h => ../include/openssl/crypto.h
tmdiff.h => ../include/openssl/tmdiff.h
opensslv.h => ../include/openssl/opensslv.h
opensslconf.h => ../include/openssl/opensslconf.h
ebcdic.h => ../include/openssl/ebcdic.h
symhacks.h => ../include/openssl/symhacks.h
ossl_typ.h => ../include/openssl/ossl_typ.h
making links in crypto/objects...
make[2]: Entering directory `/home/billones1977/.rvm/src/openssl-0.9.8n/crypto/objects'
objects.h => ../../include/openssl/objects.h
obj_mac.h => ../../include/openssl/obj_mac.h
make[2]: Leaving directory `/home/billones1977/.rvm/src/openssl-0.9.8n/crypto/objects'
making links in crypto/md2...
make[2]: Entering directory `/home/billones1977/.rvm/src/openssl-0.9.8n/crypto/md2'
md2.h => ../../include/openssl/md2.h
md2test.c => ../../test/md2test.c
make[2]: Leaving directory `/home/billones1977/.rvm/src/openssl-0.9.8n/crypto/md2'
making links in crypto/md4...
make[2]: Entering directory `/home/billones1977/.rvm/src/openssl-0.9.8n/crypto/md4'
md4.h => ../../include/openssl/md4.h
md4test.c => ../../test/md4test.c
md4.c => ../../apps/md4.c
make[2]: Leaving directory `/home/billones1977/.rvm/src/openssl-0.9.8n/crypto/md4'
making links in crypto/md5...
make[2]: Entering directory `/home/billones1977/.rvm/src/openssl-0.9.8n/crypto/md5'
md5.h => ../../include/openssl/md5.h
md5test.c => ../../test/md5test.c
make[2]: Leaving directory `/home/billones1977/.rvm/src/openssl-0.9.8n/crypto/md5'
making links in crypto/sha...
make[2]: Entering directory `/home/billones1977/.rvm/src/openssl-0.9.8n/crypto/sha'
sha.h => ../../include/openssl/sha.h
shatest.c => ../../test/shatest.c
sha1test.c => ../../test/sha1test.c
sha256t.c => ../../test/sha256t.c
sha512t.c => ../../test/sha512t.c
make[2]: Leaving directory `/home/billones1977/.rvm/src/openssl-0.9.8n/crypto/sha'
making links in crypto/hmac...
make[2]: Entering directory `/home/billones1977/.rvm/src/openssl-0.9.8n/crypto/hmac'
hmac.h => ../../include/openssl/hmac.h
hmactest.c => ../../test/hmactest.c
make[2]: Leaving directory `/home/billones1977/.rvm/src/openssl-0.9.8n/crypto/hmac'
making links in crypto/ripemd...
make[2]: Entering directory `/home/billones1977/.rvm/src/openssl-0.9.8n/crypto/ripemd'
ripemd.h => ../../include/openssl/ripemd.h
rmdtest.c => ../../test/rmdtest.c
make[2]: Leaving directory `/home/billones1977/.rvm/src/openssl-0.9.8n/crypto/ripemd'
making links in crypto/des...
make[2]: Entering directory `/home/billones1977/.rvm/src/openssl-0.9.8n/crypto/des'
des.h => ../../include/openssl/des.h
des_old.h => ../../include/openssl/des_old.h
destest.c => ../../test/destest.c
make[2]: Leaving directory `/home/billones1977/.rvm/src/openssl-0.9.8n/crypto/des'
making links in crypto/aes...
make[2]: Entering directory `/home/billones1977/.rvm/src/openssl-0.9.8n/crypto/aes'
aes.h => ../../include/openssl/aes.h
make[2]: Leaving directory `/home/billones1977/.rvm/src/openssl-0.9.8n/crypto/aes'
making links in crypto/rc2...
make[2]: Entering directory `/home/billones1977/.rvm/src/openssl-0.9.8n/crypto/rc2'
rc2.h => ../../include/openssl/rc2.h
rc2test.c => ../../test/rc2test.c
make[2]: Leaving directory `/home/billones1977/.rvm/src/openssl-0.9.8n/crypto/rc2'
making links in crypto/rc4...
make[2]: Entering directory `/home/billones1977/.rvm/src/openssl-0.9.8n/crypto/rc4'
rc4.h => ../../include/openssl/rc4.h
rc4test.c => ../../test/rc4test.c
make[2]: Leaving directory `/home/billones1977/.rvm/src/openssl-0.9.8n/crypto/rc4'
making links in crypto/idea...
make[2]: Entering directory `/home/billones1977/.rvm/src/openssl-0.9.8n/crypto/idea'
idea.h => ../../include/openssl/idea.h
ideatest.c => ../../test/ideatest.c
make[2]: Leaving directory `/home/billones1977/.rvm/src/openssl-0.9.8n/crypto/idea'
making links in crypto/bf...
make[2]: Entering directory `/home/billones1977/.rvm/src/openssl-0.9.8n/crypto/bf'
blowfish.h => ../../include/openssl/blowfish.h
bftest.c => ../../test/bftest.c
make[2]: Leaving directory `/home/billones1977/.rvm/src/openssl-0.9.8n/crypto/bf'
making links in crypto/cast...
make[2]: Entering directory `/home/billones1977/.rvm/src/openssl-0.9.8n/crypto/cast'
cast.h => ../../include/openssl/cast.h
casttest.c => ../../test/casttest.c
make[2]: Leaving directory `/home/billones1977/.rvm/src/openssl-0.9.8n/crypto/cast'
making links in crypto/bn...
make[2]: Entering directory `/home/billones1977/.rvm/src/openssl-0.9.8n/crypto/bn'
bn.h => ../../include/openssl/bn.h
bntest.c => ../../test/bntest.c
exptest.c => ../../test/exptest.c
make[2]: Leaving directory `/home/billones1977/.rvm/src/openssl-0.9.8n/crypto/bn'
making links in crypto/ec...
make[2]: Entering directory `/home/billones1977/.rvm/src/openssl-0.9.8n/crypto/ec'
ec.h => ../../include/openssl/ec.h
ectest.c => ../../test/ectest.c
make[2]: Leaving directory `/home/billones1977/.rvm/src/openssl-0.9.8n/crypto/ec'
making links in crypto/rsa...
make[2]: Entering directory `/home/billones1977/.rvm/src/openssl-0.9.8n/crypto/rsa'
rsa.h => ../../include/openssl/rsa.h
rsa_test.c => ../../test/rsa_test.c
make[2]: Leaving directory `/home/billones1977/.rvm/src/openssl-0.9.8n/crypto/rsa'
making links in crypto/dsa...
make[2]: Entering directory `/home/billones1977/.rvm/src/openssl-0.9.8n/crypto/dsa'
dsa.h => ../../include/openssl/dsa.h
dsatest.c => ../../test/dsatest.c
make[2]: Leaving directory `/home/billones1977/.rvm/src/openssl-0.9.8n/crypto/dsa'
making links in crypto/ecdsa...
make[2]: Entering directory `/home/billones1977/.rvm/src/openssl-0.9.8n/crypto/ecdsa'
ecdsa.h => ../../include/openssl/ecdsa.h
ecdsatest.c => ../../test/ecdsatest.c
make[2]: Leaving directory `/home/billones1977/.rvm/src/openssl-0.9.8n/crypto/ecdsa'
making links in crypto/dh...
make[2]: Entering directory `/home/billones1977/.rvm/src/openssl-0.9.8n/crypto/dh'
dh.h => ../../include/openssl/dh.h
dhtest.c => ../../test/dhtest.c
make[2]: Leaving directory `/home/billones1977/.rvm/src/openssl-0.9.8n/crypto/dh'
making links in crypto/ecdh...
make[2]: Entering directory `/home/billones1977/.rvm/src/openssl-0.9.8n/crypto/ecdh'
ecdh.h => ../../include/openssl/ecdh.h
ecdhtest.c => ../../test/ecdhtest.c
make[2]: Leaving directory `/home/billones1977/.rvm/src/openssl-0.9.8n/crypto/ecdh'
making links in crypto/dso...
make[2]: Entering directory `/home/billones1977/.rvm/src/openssl-0.9.8n/crypto/dso'
dso.h => ../../include/openssl/dso.h
make[2]: Leaving directory `/home/billones1977/.rvm/src/openssl-0.9.8n/crypto/dso'
making links in crypto/engine...
make[2]: Entering directory `/home/billones1977/.rvm/src/openssl-0.9.8n/crypto/engine'
engine.h => ../../include/openssl/engine.h
enginetest.c => ../../test/enginetest.c
make[2]: Leaving directory `/home/billones1977/.rvm/src/openssl-0.9.8n/crypto/engine'
making links in crypto/buffer...
make[2]: Entering directory `/home/billones1977/.rvm/src/openssl-0.9.8n/crypto/buffer'
buffer.h => ../../include/openssl/buffer.h
make[2]: Leaving directory `/home/billones1977/.rvm/src/openssl-0.9.8n/crypto/buffer'
making links in crypto/bio...
make[2]: Entering directory `/home/billones1977/.rvm/src/openssl-0.9.8n/crypto/bio'
bio.h => ../../include/openssl/bio.h
make[2]: Leaving directory `/home/billones1977/.rvm/src/openssl-0.9.8n/crypto/bio'
making links in crypto/stack...
make[2]: Entering directory `/home/billones1977/.rvm/src/openssl-0.9.8n/crypto/stack'
stack.h => ../../include/openssl/stack.h
safestack.h => ../../include/openssl/safestack.h
make[2]: Leaving directory `/home/billones1977/.rvm/src/openssl-0.9.8n/crypto/stack'
making links in crypto/lhash...
make[2]: Entering directory `/home/billones1977/.rvm/src/openssl-0.9.8n/crypto/lhash'
lhash.h => ../../include/openssl/lhash.h
make[2]: Leaving directory `/home/billones1977/.rvm/src/openssl-0.9.8n/crypto/lhash'
making links in crypto/rand...
make[2]: Entering directory `/home/billones1977/.rvm/src/openssl-0.9.8n/crypto/rand'
rand.h => ../../include/openssl/rand.h
randtest.c => ../../test/randtest.c
make[2]: Leaving directory `/home/billones1977/.rvm/src/openssl-0.9.8n/crypto/rand'
making links in crypto/err...
make[2]: Entering directory `/home/billones1977/.rvm/src/openssl-0.9.8n/crypto/err'
err.h => ../../include/openssl/err.h
make[2]: Leaving directory `/home/billones1977/.rvm/src/openssl-0.9.8n/crypto/err'
making links in crypto/evp...
make[2]: Entering directory `/home/billones1977/.rvm/src/openssl-0.9.8n/crypto/evp'
evp.h => ../../include/openssl/evp.h
evp_test.c => ../../test/evp_test.c
cp evptests.txt ../../test
make[2]: Leaving directory `/home/billones1977/.rvm/src/openssl-0.9.8n/crypto/evp'
making links in crypto/asn1...
make[2]: Entering directory `/home/billones1977/.rvm/src/openssl-0.9.8n/crypto/asn1'
asn1.h => ../../include/openssl/asn1.h
asn1_mac.h => ../../include/openssl/asn1_mac.h
asn1t.h => ../../include/openssl/asn1t.h
make[2]: Leaving directory `/home/billones1977/.rvm/src/openssl-0.9.8n/crypto/asn1'
making links in crypto/pem...
make[2]: Entering directory `/home/billones1977/.rvm/src/openssl-0.9.8n/crypto/pem'
pem.h => ../../include/openssl/pem.h
pem2.h => ../../include/openssl/pem2.h
make[2]: Leaving directory `/home/billones1977/.rvm/src/openssl-0.9.8n/crypto/pem'
making links in crypto/x509...
make[2]: Entering directory `/home/billones1977/.rvm/src/openssl-0.9.8n/crypto/x509'
x509.h => ../../include/openssl/x509.h
x509_vfy.h => ../../include/openssl/x509_vfy.h
make[2]: Leaving directory `/home/billones1977/.rvm/src/openssl-0.9.8n/crypto/x509'
making links in crypto/x509v3...
make[2]: Entering directory `/home/billones1977/.rvm/src/openssl-0.9.8n/crypto/x509v3'
x509v3.h => ../../include/openssl/x509v3.h
make[2]: Leaving directory `/home/billones1977/.rvm/src/openssl-0.9.8n/crypto/x509v3'
making links in crypto/conf...
make[2]: Entering directory `/home/billones1977/.rvm/src/openssl-0.9.8n/crypto/conf'
conf.h => ../../include/openssl/conf.h
conf_api.h => ../../include/openssl/conf_api.h
make[2]: Leaving directory `/home/billones1977/.rvm/src/openssl-0.9.8n/crypto/conf'
making links in crypto/txt_db...
make[2]: Entering directory `/home/billones1977/.rvm/src/openssl-0.9.8n/crypto/txt_db'
txt_db.h => ../../include/openssl/txt_db.h
make[2]: Leaving directory `/home/billones1977/.rvm/src/openssl-0.9.8n/crypto/txt_db'
making links in crypto/pkcs7...
make[2]: Entering directory `/home/billones1977/.rvm/src/openssl-0.9.8n/crypto/pkcs7'
pkcs7.h => ../../include/openssl/pkcs7.h
make[2]: Leaving directory `/home/billones1977/.rvm/src/openssl-0.9.8n/crypto/pkcs7'
making links in crypto/pkcs12...
make[2]: Entering directory `/home/billones1977/.rvm/src/openssl-0.9.8n/crypto/pkcs12'
pkcs12.h => ../../include/openssl/pkcs12.h
make[2]: Leaving directory `/home/billones1977/.rvm/src/openssl-0.9.8n/crypto/pkcs12'
making links in crypto/comp...
make[2]: Entering directory `/home/billones1977/.rvm/src/openssl-0.9.8n/crypto/comp'
comp.h => ../../include/openssl/comp.h
make[2]: Leaving directory `/home/billones1977/.rvm/src/openssl-0.9.8n/crypto/comp'
making links in crypto/ocsp...
make[2]: Entering directory `/home/billones1977/.rvm/src/openssl-0.9.8n/crypto/ocsp'
ocsp.h => ../../include/openssl/ocsp.h
make[2]: Leaving directory `/home/billones1977/.rvm/src/openssl-0.9.8n/crypto/ocsp'
making links in crypto/ui...
make[2]: Entering directory `/home/billones1977/.rvm/src/openssl-0.9.8n/crypto/ui'
ui.h => ../../include/openssl/ui.h
ui_compat.h => ../../include/openssl/ui_compat.h
make[2]: Leaving directory `/home/billones1977/.rvm/src/openssl-0.9.8n/crypto/ui'
making links in crypto/krb5...
make[2]: Entering directory `/home/billones1977/.rvm/src/openssl-0.9.8n/crypto/krb5'
krb5_asn.h => ../../include/openssl/krb5_asn.h
make[2]: Leaving directory `/home/billones1977/.rvm/src/openssl-0.9.8n/crypto/krb5'
making links in crypto/store...
make[2]: Entering directory `/home/billones1977/.rvm/src/openssl-0.9.8n/crypto/store'
store.h => ../../include/openssl/store.h
make[2]: Leaving directory `/home/billones1977/.rvm/src/openssl-0.9.8n/crypto/store'
making links in crypto/pqueue...
make[2]: Entering directory `/home/billones1977/.rvm/src/openssl-0.9.8n/crypto/pqueue'
pqueue.h => ../../include/openssl/pqueue.h
pq_compat.h => ../../include/openssl/pq_compat.h
make[2]: Leaving directory `/home/billones1977/.rvm/src/openssl-0.9.8n/crypto/pqueue'
make[1]: Leaving directory `/home/billones1977/.rvm/src/openssl-0.9.8n/crypto'
making links in ssl...
make[1]: Entering directory `/home/billones1977/.rvm/src/openssl-0.9.8n/ssl'
ssl.h => ../include/openssl/ssl.h
ssl2.h => ../include/openssl/ssl2.h
ssl3.h => ../include/openssl/ssl3.h
ssl23.h => ../include/openssl/ssl23.h
tls1.h => ../include/openssl/tls1.h
dtls1.h => ../include/openssl/dtls1.h
kssl.h => ../include/openssl/kssl.h
ssltest.c => ../test/ssltest.c
make[1]: Leaving directory `/home/billones1977/.rvm/src/openssl-0.9.8n/ssl'
making links in engines...
make[1]: Entering directory `/home/billones1977/.rvm/src/openssl-0.9.8n/engines'
make[1]: Nothing to be done for `links'.
make[1]: Leaving directory `/home/billones1977/.rvm/src/openssl-0.9.8n/engines'
making links in apps...
make[1]: Entering directory `/home/billones1977/.rvm/src/openssl-0.9.8n/apps'
make[1]: Nothing to be done for `links'.
make[1]: Leaving directory `/home/billones1977/.rvm/src/openssl-0.9.8n/apps'
making links in test...
make[1]: Entering directory `/home/billones1977/.rvm/src/openssl-0.9.8n/test'
make[1]: Nothing to be done for `links'.
make[1]: Leaving directory `/home/billones1977/.rvm/src/openssl-0.9.8n/test'
making links in tools...
make[1]: Entering directory `/home/billones1977/.rvm/src/openssl-0.9.8n/tools'
make[1]: Nothing to be done for `links'.
make[1]: Leaving directory `/home/billones1977/.rvm/src/openssl-0.9.8n/tools'
making links in fips...
make[1]: Entering directory `/home/billones1977/.rvm/src/openssl-0.9.8n/fips'
fips.h => ../include/openssl/fips.h
fips_test_suite.c => ../test/fips_test_suite.c
making links in fips/sha...
make[2]: Entering directory `/home/billones1977/.rvm/src/openssl-0.9.8n/fips/sha'
fips_shatest.c => ../../test/fips_shatest.c
make[2]: Leaving directory `/home/billones1977/.rvm/src/openssl-0.9.8n/fips/sha'
making links in fips/rand...
make[2]: Entering directory `/home/billones1977/.rvm/src/openssl-0.9.8n/fips/rand'
fips_rand.h => ../../include/openssl/fips_rand.h
fips_randtest.c => ../../test/fips_randtest.c
fips_rngvs.c => ../../test/fips_rngvs.c
make[2]: Leaving directory `/home/billones1977/.rvm/src/openssl-0.9.8n/fips/rand'
making links in fips/des...
make[2]: Entering directory `/home/billones1977/.rvm/src/openssl-0.9.8n/fips/des'
fips_desmovs.c => ../../test/fips_desmovs.c
make[2]: Leaving directory `/home/billones1977/.rvm/src/openssl-0.9.8n/fips/des'
making links in fips/aes...
make[2]: Entering directory `/home/billones1977/.rvm/src/openssl-0.9.8n/fips/aes'
fips_aesavs.c => ../../test/fips_aesavs.c
make[2]: Leaving directory `/home/billones1977/.rvm/src/openssl-0.9.8n/fips/aes'
making links in fips/dsa...
make[2]: Entering directory `/home/billones1977/.rvm/src/openssl-0.9.8n/fips/dsa'
fips_dsatest.c => ../../test/fips_dsatest.c
fips_dssvs.c => ../../test/fips_dssvs.c
make[2]: Leaving directory `/home/billones1977/.rvm/src/openssl-0.9.8n/fips/dsa'
making links in fips/rsa...
make[2]: Entering directory `/home/billones1977/.rvm/src/openssl-0.9.8n/fips/rsa'
fips_rsavtest.c => ../../test/fips_rsavtest.c
fips_rsastest.c => ../../test/fips_rsastest.c
fips_rsagtest.c => ../../test/fips_rsagtest.c
make[2]: Leaving directory `/home/billones1977/.rvm/src/openssl-0.9.8n/fips/rsa'
making links in fips/dh...
make[2]: Entering directory `/home/billones1977/.rvm/src/openssl-0.9.8n/fips/dh'
make[2]: Leaving directory `/home/billones1977/.rvm/src/openssl-0.9.8n/fips/dh'
making links in fips/hmac...
make[2]: Entering directory `/home/billones1977/.rvm/src/openssl-0.9.8n/fips/hmac'
fips_hmactest.c => ../../test/fips_hmactest.c
make[2]: Leaving directory `/home/billones1977/.rvm/src/openssl-0.9.8n/fips/hmac'
make[1]: Leaving directory `/home/billones1977/.rvm/src/openssl-0.9.8n/fips'
generating dummy tests (if needed)...
make[1]: Entering directory `/home/billones1977/.rvm/src/openssl-0.9.8n/test'
make[1]: Nothing to be done for `generate'.
make[1]: Leaving directory `/home/billones1977/.rvm/src/openssl-0.9.8n/test'

Configured for linux-elf.
[2011-02-23 14:11:03] ./config  -I/home/billones1977/.rvm/usr/include -L/home/billones1977/.rvm/usr/lib --prefix=/home/billones1977/.rvm/usr zlib no-asm no-krb5 shared  
Operating system: i686-whatever-linux2
Configuring for linux-elf
Configuring for linux-elf
    no-asm          [option]   OPENSSL_NO_ASM
    no-camellia     [default]  OPENSSL_NO_CAMELLIA (skip dir)
    no-capieng      [default]  OPENSSL_NO_CAPIENG (skip dir)
    no-cms          [default]  OPENSSL_NO_CMS (skip dir)
    no-gmp          [default]  OPENSSL_NO_GMP (skip dir)
    no-jpake        [experimental] OPENSSL_NO_JPAKE (skip dir)
    no-krb5         [krb5-flavor not specified] OPENSSL_NO_KRB5
    no-mdc2         [default]  OPENSSL_NO_MDC2 (skip dir)
    no-montasm      [default] 
    no-rc5          [default]  OPENSSL_NO_RC5 (skip dir)
    no-rfc3779      [default]  OPENSSL_NO_RFC3779 (skip dir)
    no-seed         [default]  OPENSSL_NO_SEED (skip dir)
    no-zlib-dynamic [default] 
IsMK1MF=0
CC            =gcc
CFLAG         =-fPIC -DOPENSSL_PIC -DZLIB -DOPENSSL_THREADS -D_REENTRANT -DDSO_DLFCN -DHAVE_DLFCN_H -I/home/billones1977/.rvm/usr/include -DL_ENDIAN -DTERMIO -O3 -fomit-frame-pointer -Wall
EX_LIBS       =-L/home/billones1977/.rvm/usr/lib -ldl -lz
CPUID_OBJ     =
BN_ASM        =bn_asm.o
DES_ENC       =des_enc.o fcrypt_b.o
AES_ASM_OBJ   =aes_core.o aes_cbc.o
BF_ENC        =bf_enc.o
CAST_ENC      =c_enc.o
RC4_ENC       =rc4_enc.o rc4_skey.o
RC5_ENC       =rc5_enc.o
MD5_OBJ_ASM   =
SHA1_OBJ_ASM  =
RMD160_OBJ_ASM=
PROCESSOR     =
RANLIB        =/usr/bin/ranlib
ARFLAGS       =
PERL          =/usr/bin/perl
THIRTY_TWO_BIT mode
DES_PTR used
DES_RISC1 used
DES_UNROLL used
BN_LLONG mode
RC4_INDEX mode
RC4_CHUNK is undefined
e_os2.h => include/openssl/e_os2.h
making links in crypto...
make[1]: Entering directory `/home/billones1977/.rvm/src/openssl-0.9.8n/crypto'
crypto.h => ../include/openssl/crypto.h
tmdiff.h => ../include/openssl/tmdiff.h
opensslv.h => ../include/openssl/opensslv.h
opensslconf.h => ../include/openssl/opensslconf.h
ebcdic.h => ../include/openssl/ebcdic.h
symhacks.h => ../include/openssl/symhacks.h
ossl_typ.h => ../include/openssl/ossl_typ.h
making links in crypto/objects...
make[2]: Entering directory `/home/billones1977/.rvm/src/openssl-0.9.8n/crypto/objects'
objects.h => ../../include/openssl/objects.h
obj_mac.h => ../../include/openssl/obj_mac.h
make[2]: Leaving directory `/home/billones1977/.rvm/src/openssl-0.9.8n/crypto/objects'
making links in crypto/md2...
make[2]: Entering directory `/home/billones1977/.rvm/src/openssl-0.9.8n/crypto/md2'
md2.h => ../../include/openssl/md2.h
md2test.c => ../../test/md2test.c
make[2]: Leaving directory `/home/billones1977/.rvm/src/openssl-0.9.8n/crypto/md2'
making links in crypto/md4...
make[2]: Entering directory `/home/billones1977/.rvm/src/openssl-0.9.8n/crypto/md4'
md4.h => ../../include/openssl/md4.h
md4test.c => ../../test/md4test.c
md4.c => ../../apps/md4.c
make[2]: Leaving directory `/home/billones1977/.rvm/src/openssl-0.9.8n/crypto/md4'
making links in crypto/md5...
make[2]: Entering directory `/home/billones1977/.rvm/src/openssl-0.9.8n/crypto/md5'
md5.h => ../../include/openssl/md5.h
md5test.c => ../../test/md5test.c
make[2]: Leaving directory `/home/billones1977/.rvm/src/openssl-0.9.8n/crypto/md5'
making links in crypto/sha...
make[2]: Entering directory `/home/billones1977/.rvm/src/openssl-0.9.8n/crypto/sha'
sha.h => ../../include/openssl/sha.h
shatest.c => ../../test/shatest.c
sha1test.c => ../../test/sha1test.c
sha256t.c => ../../test/sha256t.c
sha512t.c => ../../test/sha512t.c
make[2]: Leaving directory `/home/billones1977/.rvm/src/openssl-0.9.8n/crypto/sha'
making links in crypto/hmac...
make[2]: Entering directory `/home/billones1977/.rvm/src/openssl-0.9.8n/crypto/hmac'
hmac.h => ../../include/openssl/hmac.h
hmactest.c => ../../test/hmactest.c
make[2]: Leaving directory `/home/billones1977/.rvm/src/openssl-0.9.8n/crypto/hmac'
making links in crypto/ripemd...
make[2]: Entering directory `/home/billones1977/.rvm/src/openssl-0.9.8n/crypto/ripemd'
ripemd.h => ../../include/openssl/ripemd.h
rmdtest.c => ../../test/rmdtest.c
make[2]: Leaving directory `/home/billones1977/.rvm/src/openssl-0.9.8n/crypto/ripemd'
making links in crypto/des...
make[2]: Entering directory `/home/billones1977/.rvm/src/openssl-0.9.8n/crypto/des'
des.h => ../../include/openssl/des.h
des_old.h => ../../include/openssl/des_old.h
destest.c => ../../test/destest.c
make[2]: Leaving directory `/home/billones1977/.rvm/src/openssl-0.9.8n/crypto/des'
making links in crypto/aes...
make[2]: Entering directory `/home/billones1977/.rvm/src/openssl-0.9.8n/crypto/aes'
aes.h => ../../include/openssl/aes.h
make[2]: Leaving directory `/home/billones1977/.rvm/src/openssl-0.9.8n/crypto/aes'
making links in crypto/rc2...
make[2]: Entering directory `/home/billones1977/.rvm/src/openssl-0.9.8n/crypto/rc2'
rc2.h => ../../include/openssl/rc2.h
rc2test.c => ../../test/rc2test.c
make[2]: Leaving directory `/home/billones1977/.rvm/src/openssl-0.9.8n/crypto/rc2'
making links in crypto/rc4...
make[2]: Entering directory `/home/billones1977/.rvm/src/openssl-0.9.8n/crypto/rc4'
rc4.h => ../../include/openssl/rc4.h
rc4test.c => ../../test/rc4test.c
make[2]: Leaving directory `/home/billones1977/.rvm/src/openssl-0.9.8n/crypto/rc4'
making links in crypto/idea...
make[2]: Entering directory `/home/billones1977/.rvm/src/openssl-0.9.8n/crypto/idea'
idea.h => ../../include/openssl/idea.h
ideatest.c => ../../test/ideatest.c
make[2]: Leaving directory `/home/billones1977/.rvm/src/openssl-0.9.8n/crypto/idea'
making links in crypto/bf...
make[2]: Entering directory `/home/billones1977/.rvm/src/openssl-0.9.8n/crypto/bf'
blowfish.h => ../../include/openssl/blowfish.h
bftest.c => ../../test/bftest.c
make[2]: Leaving directory `/home/billones1977/.rvm/src/openssl-0.9.8n/crypto/bf'
making links in crypto/cast...
make[2]: Entering directory `/home/billones1977/.rvm/src/openssl-0.9.8n/crypto/cast'
cast.h => ../../include/openssl/cast.h
casttest.c => ../../test/casttest.c
make[2]: Leaving directory `/home/billones1977/.rvm/src/openssl-0.9.8n/crypto/cast'
making links in crypto/bn...
make[2]: Entering directory `/home/billones1977/.rvm/src/openssl-0.9.8n/crypto/bn'
bn.h => ../../include/openssl/bn.h
bntest.c => ../../test/bntest.c
exptest.c => ../../test/exptest.c
make[2]: Leaving directory `/home/billones1977/.rvm/src/openssl-0.9.8n/crypto/bn'
making links in crypto/ec...
make[2]: Entering directory `/home/billones1977/.rvm/src/openssl-0.9.8n/crypto/ec'
ec.h => ../../include/openssl/ec.h
ectest.c => ../../test/ectest.c
make[2]: Leaving directory `/home/billones1977/.rvm/src/openssl-0.9.8n/crypto/ec'
making links in crypto/rsa...
make[2]: Entering directory `/home/billones1977/.rvm/src/openssl-0.9.8n/crypto/rsa'
rsa.h => ../../include/openssl/rsa.h
rsa_test.c => ../../test/rsa_test.c
make[2]: Leaving directory `/home/billones1977/.rvm/src/openssl-0.9.8n/crypto/rsa'
making links in crypto/dsa...
make[2]: Entering directory `/home/billones1977/.rvm/src/openssl-0.9.8n/crypto/dsa'
dsa.h => ../../include/openssl/dsa.h
dsatest.c => ../../test/dsatest.c
make[2]: Leaving directory `/home/billones1977/.rvm/src/openssl-0.9.8n/crypto/dsa'
making links in crypto/ecdsa...
make[2]: Entering directory `/home/billones1977/.rvm/src/openssl-0.9.8n/crypto/ecdsa'
ecdsa.h => ../../include/openssl/ecdsa.h
ecdsatest.c => ../../test/ecdsatest.c
make[2]: Leaving directory `/home/billones1977/.rvm/src/openssl-0.9.8n/crypto/ecdsa'
making links in crypto/dh...
make[2]: Entering directory `/home/billones1977/.rvm/src/openssl-0.9.8n/crypto/dh'
dh.h => ../../include/openssl/dh.h
dhtest.c => ../../test/dhtest.c
make[2]: Leaving directory `/home/billones1977/.rvm/src/openssl-0.9.8n/crypto/dh'
making links in crypto/ecdh...
make[2]: Entering directory `/home/billones1977/.rvm/src/openssl-0.9.8n/crypto/ecdh'
ecdh.h => ../../include/openssl/ecdh.h
ecdhtest.c => ../../test/ecdhtest.c
make[2]: Leaving directory `/home/billones1977/.rvm/src/openssl-0.9.8n/crypto/ecdh'
making links in crypto/dso...
make[2]: Entering directory `/home/billones1977/.rvm/src/openssl-0.9.8n/crypto/dso'
dso.h => ../../include/openssl/dso.h
make[2]: Leaving directory `/home/billones1977/.rvm/src/openssl-0.9.8n/crypto/dso'
making links in crypto/engine...
make[2]: Entering directory `/home/billones1977/.rvm/src/openssl-0.9.8n/crypto/engine'
engine.h => ../../include/openssl/engine.h
enginetest.c => ../../test/enginetest.c
make[2]: Leaving directory `/home/billones1977/.rvm/src/openssl-0.9.8n/crypto/engine'
making links in crypto/buffer...
make[2]: Entering directory `/home/billones1977/.rvm/src/openssl-0.9.8n/crypto/buffer'
buffer.h => ../../include/openssl/buffer.h
make[2]: Leaving directory `/home/billones1977/.rvm/src/openssl-0.9.8n/crypto/buffer'
making links in crypto/bio...
make[2]: Entering directory `/home/billones1977/.rvm/src/openssl-0.9.8n/crypto/bio'
bio.h => ../../include/openssl/bio.h
make[2]: Leaving directory `/home/billones1977/.rvm/src/openssl-0.9.8n/crypto/bio'
making links in crypto/stack...
make[2]: Entering directory `/home/billones1977/.rvm/src/openssl-0.9.8n/crypto/stack'
stack.h => ../../include/openssl/stack.h
safestack.h => ../../include/openssl/safestack.h
make[2]: Leaving directory `/home/billones1977/.rvm/src/openssl-0.9.8n/crypto/stack'
making links in crypto/lhash...
make[2]: Entering directory `/home/billones1977/.rvm/src/openssl-0.9.8n/crypto/lhash'
lhash.h => ../../include/openssl/lhash.h
make[2]: Leaving directory `/home/billones1977/.rvm/src/openssl-0.9.8n/crypto/lhash'
making links in crypto/rand...
make[2]: Entering directory `/home/billones1977/.rvm/src/openssl-0.9.8n/crypto/rand'
rand.h => ../../include/openssl/rand.h
randtest.c => ../../test/randtest.c
make[2]: Leaving directory `/home/billones1977/.rvm/src/openssl-0.9.8n/crypto/rand'
making links in crypto/err...
make[2]: Entering directory `/home/billones1977/.rvm/src/openssl-0.9.8n/crypto/err'
err.h => ../../include/openssl/err.h
make[2]: Leaving directory `/home/billones1977/.rvm/src/openssl-0.9.8n/crypto/err'
making links in crypto/evp...
make[2]: Entering directory `/home/billones1977/.rvm/src/openssl-0.9.8n/crypto/evp'
evp.h => ../../include/openssl/evp.h
evp_test.c => ../../test/evp_test.c
cp evptests.txt ../../test
make[2]: Leaving directory `/home/billones1977/.rvm/src/openssl-0.9.8n/crypto/evp'
making links in crypto/asn1...
make[2]: Entering directory `/home/billones1977/.rvm/src/openssl-0.9.8n/crypto/asn1'
asn1.h => ../../include/openssl/asn1.h
asn1_mac.h => ../../include/openssl/asn1_mac.h
asn1t.h => ../../include/openssl/asn1t.h
make[2]: Leaving directory `/home/billones1977/.rvm/src/openssl-0.9.8n/crypto/asn1'
making links in crypto/pem...
make[2]: Entering directory `/home/billones1977/.rvm/src/openssl-0.9.8n/crypto/pem'
pem.h => ../../include/openssl/pem.h
pem2.h => ../../include/openssl/pem2.h
make[2]: Leaving directory `/home/billones1977/.rvm/src/openssl-0.9.8n/crypto/pem'
making links in crypto/x509...
make[2]: Entering directory `/home/billones1977/.rvm/src/openssl-0.9.8n/crypto/x509'
x509.h => ../../include/openssl/x509.h
x509_vfy.h => ../../include/openssl/x509_vfy.h
make[2]: Leaving directory `/home/billones1977/.rvm/src/openssl-0.9.8n/crypto/x509'
making links in crypto/x509v3...
make[2]: Entering directory `/home/billones1977/.rvm/src/openssl-0.9.8n/crypto/x509v3'
x509v3.h => ../../include/openssl/x509v3.h
make[2]: Leaving directory `/home/billones1977/.rvm/src/openssl-0.9.8n/crypto/x509v3'
making links in crypto/conf...
make[2]: Entering directory `/home/billones1977/.rvm/src/openssl-0.9.8n/crypto/conf'
conf.h => ../../include/openssl/conf.h
conf_api.h => ../../include/openssl/conf_api.h
make[2]: Leaving directory `/home/billones1977/.rvm/src/openssl-0.9.8n/crypto/conf'
making links in crypto/txt_db...
make[2]: Entering directory `/home/billones1977/.rvm/src/openssl-0.9.8n/crypto/txt_db'
txt_db.h => ../../include/openssl/txt_db.h
make[2]: Leaving directory `/home/billones1977/.rvm/src/openssl-0.9.8n/crypto/txt_db'
making links in crypto/pkcs7...
make[2]: Entering directory `/home/billones1977/.rvm/src/openssl-0.9.8n/crypto/pkcs7'
pkcs7.h => ../../include/openssl/pkcs7.h
make[2]: Leaving directory `/home/billones1977/.rvm/src/openssl-0.9.8n/crypto/pkcs7'
making links in crypto/pkcs12...
make[2]: Entering directory `/home/billones1977/.rvm/src/openssl-0.9.8n/crypto/pkcs12'
pkcs12.h => ../../include/openssl/pkcs12.h
make[2]: Leaving directory `/home/billones1977/.rvm/src/openssl-0.9.8n/crypto/pkcs12'
making links in crypto/comp...
make[2]: Entering directory `/home/billones1977/.rvm/src/openssl-0.9.8n/crypto/comp'
comp.h => ../../include/openssl/comp.h
make[2]: Leaving directory `/home/billones1977/.rvm/src/openssl-0.9.8n/crypto/comp'
making links in crypto/ocsp...
make[2]: Entering directory `/home/billones1977/.rvm/src/openssl-0.9.8n/crypto/ocsp'
ocsp.h => ../../include/openssl/ocsp.h
make[2]: Leaving directory `/home/billones1977/.rvm/src/openssl-0.9.8n/crypto/ocsp'
making links in crypto/ui...
make[2]: Entering directory `/home/billones1977/.rvm/src/openssl-0.9.8n/crypto/ui'
ui.h => ../../include/openssl/ui.h
ui_compat.h => ../../include/openssl/ui_compat.h
make[2]: Leaving directory `/home/billones1977/.rvm/src/openssl-0.9.8n/crypto/ui'
making links in crypto/krb5...
make[2]: Entering directory `/home/billones1977/.rvm/src/openssl-0.9.8n/crypto/krb5'
krb5_asn.h => ../../include/openssl/krb5_asn.h
make[2]: Leaving directory `/home/billones1977/.rvm/src/openssl-0.9.8n/crypto/krb5'
making links in crypto/store...
make[2]: Entering directory `/home/billones1977/.rvm/src/openssl-0.9.8n/crypto/store'
store.h => ../../include/openssl/store.h
make[2]: Leaving directory `/home/billones1977/.rvm/src/openssl-0.9.8n/crypto/store'
making links in crypto/pqueue...
make[2]: Entering directory `/home/billones1977/.rvm/src/openssl-0.9.8n/crypto/pqueue'
pqueue.h => ../../include/openssl/pqueue.h
pq_compat.h => ../../include/openssl/pq_compat.h
make[2]: Leaving directory `/home/billones1977/.rvm/src/openssl-0.9.8n/crypto/pqueue'
make[1]: Leaving directory `/home/billones1977/.rvm/src/openssl-0.9.8n/crypto'
making links in ssl...
make[1]: Entering directory `/home/billones1977/.rvm/src/openssl-0.9.8n/ssl'
ssl.h => ../include/openssl/ssl.h
ssl2.h => ../include/openssl/ssl2.h
ssl3.h => ../include/openssl/ssl3.h
ssl23.h => ../include/openssl/ssl23.h
tls1.h => ../include/openssl/tls1.h
dtls1.h => ../include/openssl/dtls1.h
kssl.h => ../include/openssl/kssl.h
ssltest.c => ../test/ssltest.c
make[1]: Leaving directory `/home/billones1977/.rvm/src/openssl-0.9.8n/ssl'
making links in engines...
make[1]: Entering directory `/home/billones1977/.rvm/src/openssl-0.9.8n/engines'
make[1]: Nothing to be done for `links'.
make[1]: Leaving directory `/home/billones1977/.rvm/src/openssl-0.9.8n/engines'
making links in apps...
make[1]: Entering directory `/home/billones1977/.rvm/src/openssl-0.9.8n/apps'
make[1]: Nothing to be done for `links'.
make[1]: Leaving directory `/home/billones1977/.rvm/src/openssl-0.9.8n/apps'
making links in test...
make[1]: Entering directory `/home/billones1977/.rvm/src/openssl-0.9.8n/test'
make[1]: Nothing to be done for `links'.
make[1]: Leaving directory `/home/billones1977/.rvm/src/openssl-0.9.8n/test'
making links in tools...
make[1]: Entering directory `/home/billones1977/.rvm/src/openssl-0.9.8n/tools'
make[1]: Nothing to be done for `links'.
make[1]: Leaving directory `/home/billones1977/.rvm/src/openssl-0.9.8n/tools'
making links in fips...
make[1]: Entering directory `/home/billones1977/.rvm/src/openssl-0.9.8n/fips'
fips.h => ../include/openssl/fips.h
fips_test_suite.c => ../test/fips_test_suite.c
making links in fips/sha...
make[2]: Entering directory `/home/billones1977/.rvm/src/openssl-0.9.8n/fips/sha'
fips_shatest.c => ../../test/fips_shatest.c
make[2]: Leaving directory `/home/billones1977/.rvm/src/openssl-0.9.8n/fips/sha'
making links in fips/rand...
make[2]: Entering directory `/home/billones1977/.rvm/src/openssl-0.9.8n/fips/rand'
fips_rand.h => ../../include/openssl/fips_rand.h
fips_randtest.c => ../../test/fips_randtest.c
fips_rngvs.c => ../../test/fips_rngvs.c
make[2]: Leaving directory `/home/billones1977/.rvm/src/openssl-0.9.8n/fips/rand'
making links in fips/des...
make[2]: Entering directory `/home/billones1977/.rvm/src/openssl-0.9.8n/fips/des'
fips_desmovs.c => ../../test/fips_desmovs.c
make[2]: Leaving directory `/home/billones1977/.rvm/src/openssl-0.9.8n/fips/des'
making links in fips/aes...
make[2]: Entering directory `/home/billones1977/.rvm/src/openssl-0.9.8n/fips/aes'
fips_aesavs.c => ../../test/fips_aesavs.c
make[2]: Leaving directory `/home/billones1977/.rvm/src/openssl-0.9.8n/fips/aes'
making links in fips/dsa...
make[2]: Entering directory `/home/billones1977/.rvm/src/openssl-0.9.8n/fips/dsa'
fips_dsatest.c => ../../test/fips_dsatest.c
fips_dssvs.c => ../../test/fips_dssvs.c
make[2]: Leaving directory `/home/billones1977/.rvm/src/openssl-0.9.8n/fips/dsa'
making links in fips/rsa...
make[2]: Entering directory `/home/billones1977/.rvm/src/openssl-0.9.8n/fips/rsa'
fips_rsavtest.c => ../../test/fips_rsavtest.c
fips_rsastest.c => ../../test/fips_rsastest.c
fips_rsagtest.c => ../../test/fips_rsagtest.c
make[2]: Leaving directory `/home/billones1977/.rvm/src/openssl-0.9.8n/fips/rsa'
making links in fips/dh...
make[2]: Entering directory `/home/billones1977/.rvm/src/openssl-0.9.8n/fips/dh'
make[2]: Leaving directory `/home/billones1977/.rvm/src/openssl-0.9.8n/fips/dh'
making links in fips/hmac...
make[2]: Entering directory `/home/billones1977/.rvm/src/openssl-0.9.8n/fips/hmac'
fips_hmactest.c => ../../test/fips_hmactest.c
make[2]: Leaving directory `/home/billones1977/.rvm/src/openssl-0.9.8n/fips/hmac'
make[1]: Leaving directory `/home/billones1977/.rvm/src/openssl-0.9.8n/fips'
generating dummy tests (if needed)...
make[1]: Entering directory `/home/billones1977/.rvm/src/openssl-0.9.8n/test'
make[1]: Nothing to be done for `generate'.
make[1]: Leaving directory `/home/billones1977/.rvm/src/openssl-0.9.8n/test'

Configured for linux-elf.
