[2011-02-22 10:02:13] GEM_PATH="/home/billones1977/.rvm/gems/ruby-1.9.2-p136:/home/billones1977/.rvm/gems/ruby-1.9.2-p136@global:/home/billones1977/.rvm/gems/ruby-1.9.2-p136@global" GEM_HOME="/home/billones1977/.rvm/gems/ruby-1.9.2-p136" "/home/billones1977/.rvm/rubies/ruby-1.9.2-p136/bin/ruby" "/home/billones1977/.rvm/src/rubygems-1.5.0/setup.rb"
RubyGems 1.5.0 installed

﻿=== 1.5.0 / 2011-01-31

Major Enhancements:

* Finally fixed all known 1.9.x issues. Upgrading is now possible!
* Merged huge 1.3.7/ruby-core changes to master.

Minor Enhancements:

* Added UPGRADING.rdoc to help deal with 1.9 issues.
* Gem::Format now gives better errors for corrupt gem files and includes paths
* Pre-install hooks can now abort gem installation by returning false
* Move shareable TestCase classes to lib/ to help plugin authors with tests.
* Add post-build hooks that can cancel the gem install
* Always require custom_require now that require_gem is gone
* Added GemInstaller accessors for @options so plugins can reference them.
* Optimized Gem.find_files. ~10% faster than 1.4.2. ~40% faster than ruby 1.9.
* Gem::SilentUI now behaves like Gem::StreamUI for asking questions.  Patch by
  Erik Hollensbe.

Bug Fixes:

* `gem update` was implicitly doing --system.
* 1.9.3: Fixed encoding errors causing gem installs to die during rdoc phase.
* Add RubyForge URL to README. Closes #28825
* 1.9.3: Use chdir {} when building extensions to prevent warnings. Fixes #4337
* 1.9.2: Fix circular require warning.
* Make requiring openssl even lazier at request of NaHi
* `gem unpack` will now download the gem if it is not in the cache. Patch by
  Erik Hollensbe.
* rubygems-update lists its development dependencies again


------------------------------------------------------------------------------

RubyGems installed the following executables:
	/home/billones1977/.rvm/rubies/ruby-1.9.2-p136/bin/gem

[2011-02-22 10:02:16] GEM_PATH="/home/billones1977/.rvm/gems/ruby-1.9.2-p136:/home/billones1977/.rvm/gems/ruby-1.9.2-p136@global:/home/billones1977/.rvm/gems/ruby-1.9.2-p136@global" GEM_HOME="/home/billones1977/.rvm/gems/ruby-1.9.2-p136" "/home/billones1977/.rvm/rubies/ruby-1.9.2-p136/bin/ruby" "/home/billones1977/.rvm/src/rubygems-1.5.0/setup.rb"
RubyGems 1.5.0 installed

﻿=== 1.5.0 / 2011-01-31

Major Enhancements:

* Finally fixed all known 1.9.x issues. Upgrading is now possible!
* Merged huge 1.3.7/ruby-core changes to master.

Minor Enhancements:

* Added UPGRADING.rdoc to help deal with 1.9 issues.
* Gem::Format now gives better errors for corrupt gem files and includes paths
* Pre-install hooks can now abort gem installation by returning false
* Move shareable TestCase classes to lib/ to help plugin authors with tests.
* Add post-build hooks that can cancel the gem install
* Always require custom_require now that require_gem is gone
* Added GemInstaller accessors for @options so plugins can reference them.
* Optimized Gem.find_files. ~10% faster than 1.4.2. ~40% faster than ruby 1.9.
* Gem::SilentUI now behaves like Gem::StreamUI for asking questions.  Patch by
  Erik Hollensbe.

Bug Fixes:

* `gem update` was implicitly doing --system.
* 1.9.3: Fixed encoding errors causing gem installs to die during rdoc phase.
* Add RubyForge URL to README. Closes #28825
* 1.9.3: Use chdir {} when building extensions to prevent warnings. Fixes #4337
* 1.9.2: Fix circular require warning.
* Make requiring openssl even lazier at request of NaHi
* `gem unpack` will now download the gem if it is not in the cache. Patch by
  Erik Hollensbe.
* rubygems-update lists its development dependencies again


------------------------------------------------------------------------------

RubyGems installed the following executables:
	/home/billones1977/.rvm/rubies/ruby-1.9.2-p136/bin/gem

[2011-02-22 11:28:05] GEM_PATH="/home/billones1977/.rvm/gems/ruby-1.9.2-p136:/home/billones1977/.rvm/gems/ruby-1.9.2-p136@global:/home/billones1977/.rvm/gems/ruby-1.9.2-p136@global" GEM_HOME="/home/billones1977/.rvm/gems/ruby-1.9.2-p136" "/home/billones1977/.rvm/rubies/ruby-1.9.2-p136/bin/ruby" "/home/billones1977/.rvm/src/rubygems-1.5.0/setup.rb"
RubyGems 1.5.0 installed

﻿=== 1.5.0 / 2011-01-31

Major Enhancements:

* Finally fixed all known 1.9.x issues. Upgrading is now possible!
* Merged huge 1.3.7/ruby-core changes to master.

Minor Enhancements:

* Added UPGRADING.rdoc to help deal with 1.9 issues.
* Gem::Format now gives better errors for corrupt gem files and includes paths
* Pre-install hooks can now abort gem installation by returning false
* Move shareable TestCase classes to lib/ to help plugin authors with tests.
* Add post-build hooks that can cancel the gem install
* Always require custom_require now that require_gem is gone
* Added GemInstaller accessors for @options so plugins can reference them.
* Optimized Gem.find_files. ~10% faster than 1.4.2. ~40% faster than ruby 1.9.
* Gem::SilentUI now behaves like Gem::StreamUI for asking questions.  Patch by
  Erik Hollensbe.

Bug Fixes:

* `gem update` was implicitly doing --system.
* 1.9.3: Fixed encoding errors causing gem installs to die during rdoc phase.
* Add RubyForge URL to README. Closes #28825
* 1.9.3: Use chdir {} when building extensions to prevent warnings. Fixes #4337
* 1.9.2: Fix circular require warning.
* Make requiring openssl even lazier at request of NaHi
* `gem unpack` will now download the gem if it is not in the cache. Patch by
  Erik Hollensbe.
* rubygems-update lists its development dependencies again


------------------------------------------------------------------------------

RubyGems installed the following executables:
	/home/billones1977/.rvm/rubies/ruby-1.9.2-p136/bin/gem

[2011-02-22 11:28:07] GEM_PATH="/home/billones1977/.rvm/gems/ruby-1.9.2-p136:/home/billones1977/.rvm/gems/ruby-1.9.2-p136@global:/home/billones1977/.rvm/gems/ruby-1.9.2-p136@global" GEM_HOME="/home/billones1977/.rvm/gems/ruby-1.9.2-p136" "/home/billones1977/.rvm/rubies/ruby-1.9.2-p136/bin/ruby" "/home/billones1977/.rvm/src/rubygems-1.5.0/setup.rb"
RubyGems 1.5.0 installed

﻿=== 1.5.0 / 2011-01-31

Major Enhancements:

* Finally fixed all known 1.9.x issues. Upgrading is now possible!
* Merged huge 1.3.7/ruby-core changes to master.

Minor Enhancements:

* Added UPGRADING.rdoc to help deal with 1.9 issues.
* Gem::Format now gives better errors for corrupt gem files and includes paths
* Pre-install hooks can now abort gem installation by returning false
* Move shareable TestCase classes to lib/ to help plugin authors with tests.
* Add post-build hooks that can cancel the gem install
* Always require custom_require now that require_gem is gone
* Added GemInstaller accessors for @options so plugins can reference them.
* Optimized Gem.find_files. ~10% faster than 1.4.2. ~40% faster than ruby 1.9.
* Gem::SilentUI now behaves like Gem::StreamUI for asking questions.  Patch by
  Erik Hollensbe.

Bug Fixes:

* `gem update` was implicitly doing --system.
* 1.9.3: Fixed encoding errors causing gem installs to die during rdoc phase.
* Add RubyForge URL to README. Closes #28825
* 1.9.3: Use chdir {} when building extensions to prevent warnings. Fixes #4337
* 1.9.2: Fix circular require warning.
* Make requiring openssl even lazier at request of NaHi
* `gem unpack` will now download the gem if it is not in the cache. Patch by
  Erik Hollensbe.
* rubygems-update lists its development dependencies again


------------------------------------------------------------------------------

RubyGems installed the following executables:
	/home/billones1977/.rvm/rubies/ruby-1.9.2-p136/bin/gem

[2011-02-22 13:28:22] GEM_PATH="/home/billones1977/.rvm/gems/ruby-1.9.2-p136:/home/billones1977/.rvm/gems/ruby-1.9.2-p136@global:/home/billones1977/.rvm/gems/ruby-1.9.2-p136@global" GEM_HOME="/home/billones1977/.rvm/gems/ruby-1.9.2-p136" "/home/billones1977/.rvm/rubies/ruby-1.9.2-p136/bin/ruby" "/home/billones1977/.rvm/src/rubygems-1.5.0/setup.rb"
RubyGems 1.5.0 installed

﻿=== 1.5.0 / 2011-01-31

Major Enhancements:

* Finally fixed all known 1.9.x issues. Upgrading is now possible!
* Merged huge 1.3.7/ruby-core changes to master.

Minor Enhancements:

* Added UPGRADING.rdoc to help deal with 1.9 issues.
* Gem::Format now gives better errors for corrupt gem files and includes paths
* Pre-install hooks can now abort gem installation by returning false
* Move shareable TestCase classes to lib/ to help plugin authors with tests.
* Add post-build hooks that can cancel the gem install
* Always require custom_require now that require_gem is gone
* Added GemInstaller accessors for @options so plugins can reference them.
* Optimized Gem.find_files. ~10% faster than 1.4.2. ~40% faster than ruby 1.9.
* Gem::SilentUI now behaves like Gem::StreamUI for asking questions.  Patch by
  Erik Hollensbe.

Bug Fixes:

* `gem update` was implicitly doing --system.
* 1.9.3: Fixed encoding errors causing gem installs to die during rdoc phase.
* Add RubyForge URL to README. Closes #28825
* 1.9.3: Use chdir {} when building extensions to prevent warnings. Fixes #4337
* 1.9.2: Fix circular require warning.
* Make requiring openssl even lazier at request of NaHi
* `gem unpack` will now download the gem if it is not in the cache. Patch by
  Erik Hollensbe.
* rubygems-update lists its development dependencies again


------------------------------------------------------------------------------

RubyGems installed the following executables:
	/home/billones1977/.rvm/rubies/ruby-1.9.2-p136/bin/gem

[2011-02-22 13:28:24] GEM_PATH="/home/billones1977/.rvm/gems/ruby-1.9.2-p136:/home/billones1977/.rvm/gems/ruby-1.9.2-p136@global:/home/billones1977/.rvm/gems/ruby-1.9.2-p136@global" GEM_HOME="/home/billones1977/.rvm/gems/ruby-1.9.2-p136" "/home/billones1977/.rvm/rubies/ruby-1.9.2-p136/bin/ruby" "/home/billones1977/.rvm/src/rubygems-1.5.0/setup.rb"
RubyGems 1.5.0 installed

﻿=== 1.5.0 / 2011-01-31

Major Enhancements:

* Finally fixed all known 1.9.x issues. Upgrading is now possible!
* Merged huge 1.3.7/ruby-core changes to master.

Minor Enhancements:

* Added UPGRADING.rdoc to help deal with 1.9 issues.
* Gem::Format now gives better errors for corrupt gem files and includes paths
* Pre-install hooks can now abort gem installation by returning false
* Move shareable TestCase classes to lib/ to help plugin authors with tests.
* Add post-build hooks that can cancel the gem install
* Always require custom_require now that require_gem is gone
* Added GemInstaller accessors for @options so plugins can reference them.
* Optimized Gem.find_files. ~10% faster than 1.4.2. ~40% faster than ruby 1.9.
* Gem::SilentUI now behaves like Gem::StreamUI for asking questions.  Patch by
  Erik Hollensbe.

Bug Fixes:

* `gem update` was implicitly doing --system.
* 1.9.3: Fixed encoding errors causing gem installs to die during rdoc phase.
* Add RubyForge URL to README. Closes #28825
* 1.9.3: Use chdir {} when building extensions to prevent warnings. Fixes #4337
* 1.9.2: Fix circular require warning.
* Make requiring openssl even lazier at request of NaHi
* `gem unpack` will now download the gem if it is not in the cache. Patch by
  Erik Hollensbe.
* rubygems-update lists its development dependencies again


------------------------------------------------------------------------------

RubyGems installed the following executables:
	/home/billones1977/.rvm/rubies/ruby-1.9.2-p136/bin/gem

[2011-02-23 16:10:08] GEM_PATH="/home/billones1977/.rvm/gems/ruby-1.9.2-p136:/home/billones1977/.rvm/gems/ruby-1.9.2-p136@global:/home/billones1977/.rvm/gems/ruby-1.9.2-p136@global" GEM_HOME="/home/billones1977/.rvm/gems/ruby-1.9.2-p136" "/home/billones1977/.rvm/rubies/ruby-1.9.2-p136/bin/ruby" "/home/billones1977/.rvm/src/rubygems-1.5.0/setup.rb"
RubyGems 1.5.0 installed

﻿=== 1.5.0 / 2011-01-31

Major Enhancements:

* Finally fixed all known 1.9.x issues. Upgrading is now possible!
* Merged huge 1.3.7/ruby-core changes to master.

Minor Enhancements:

* Added UPGRADING.rdoc to help deal with 1.9 issues.
* Gem::Format now gives better errors for corrupt gem files and includes paths
* Pre-install hooks can now abort gem installation by returning false
* Move shareable TestCase classes to lib/ to help plugin authors with tests.
* Add post-build hooks that can cancel the gem install
* Always require custom_require now that require_gem is gone
* Added GemInstaller accessors for @options so plugins can reference them.
* Optimized Gem.find_files. ~10% faster than 1.4.2. ~40% faster than ruby 1.9.
* Gem::SilentUI now behaves like Gem::StreamUI for asking questions.  Patch by
  Erik Hollensbe.

Bug Fixes:

* `gem update` was implicitly doing --system.
* 1.9.3: Fixed encoding errors causing gem installs to die during rdoc phase.
* Add RubyForge URL to README. Closes #28825
* 1.9.3: Use chdir {} when building extensions to prevent warnings. Fixes #4337
* 1.9.2: Fix circular require warning.
* Make requiring openssl even lazier at request of NaHi
* `gem unpack` will now download the gem if it is not in the cache. Patch by
  Erik Hollensbe.
* rubygems-update lists its development dependencies again


------------------------------------------------------------------------------

RubyGems installed the following executables:
	/home/billones1977/.rvm/rubies/ruby-1.9.2-p136/bin/gem

[2011-02-23 16:10:23] GEM_PATH="/home/billones1977/.rvm/gems/ruby-1.9.2-p136:/home/billones1977/.rvm/gems/ruby-1.9.2-p136@global:/home/billones1977/.rvm/gems/ruby-1.9.2-p136@global" GEM_HOME="/home/billones1977/.rvm/gems/ruby-1.9.2-p136" "/home/billones1977/.rvm/rubies/ruby-1.9.2-p136/bin/ruby" "/home/billones1977/.rvm/src/rubygems-1.5.0/setup.rb"
RubyGems 1.5.0 installed

﻿=== 1.5.0 / 2011-01-31

Major Enhancements:

* Finally fixed all known 1.9.x issues. Upgrading is now possible!
* Merged huge 1.3.7/ruby-core changes to master.

Minor Enhancements:

* Added UPGRADING.rdoc to help deal with 1.9 issues.
* Gem::Format now gives better errors for corrupt gem files and includes paths
* Pre-install hooks can now abort gem installation by returning false
* Move shareable TestCase classes to lib/ to help plugin authors with tests.
* Add post-build hooks that can cancel the gem install
* Always require custom_require now that require_gem is gone
* Added GemInstaller accessors for @options so plugins can reference them.
* Optimized Gem.find_files. ~10% faster than 1.4.2. ~40% faster than ruby 1.9.
* Gem::SilentUI now behaves like Gem::StreamUI for asking questions.  Patch by
  Erik Hollensbe.

Bug Fixes:

* `gem update` was implicitly doing --system.
* 1.9.3: Fixed encoding errors causing gem installs to die during rdoc phase.
* Add RubyForge URL to README. Closes #28825
* 1.9.3: Use chdir {} when building extensions to prevent warnings. Fixes #4337
* 1.9.2: Fix circular require warning.
* Make requiring openssl even lazier at request of NaHi
* `gem unpack` will now download the gem if it is not in the cache. Patch by
  Erik Hollensbe.
* rubygems-update lists its development dependencies again


------------------------------------------------------------------------------

RubyGems installed the following executables:
	/home/billones1977/.rvm/rubies/ruby-1.9.2-p136/bin/gem

